2019-42-24 20:42:37.036 [JavaFX-Launcher] INFO  ru.zekoh.app.App - Запуск системы продаж.
2019-42-24 20:42:37.140 [JavaFX-Launcher] INFO  org.hibernate.Version - HHH000412: Hibernate Core {5.3.7.Final}
2019-42-24 20:42:37.142 [JavaFX-Launcher] INFO  org.hibernate.cfg.Environment - HHH000206: hibernate.properties not found
2019-42-24 20:42:37.541 [JavaFX-Launcher] INFO  org.hibernate.annotations.common.Version - HCANN000001: Hibernate Commons Annotations {5.0.4.Final}
2019-42-24 20:42:37.660 [JavaFX-Launcher] WARN  org.hibernate.orm.connections.pooling - HHH10001002: Using Hibernate built-in connection pool (not for production use!)
2019-42-24 20:42:37.664 [JavaFX-Launcher] INFO  org.hibernate.orm.connections.pooling - HHH10001005: using driver [com.mysql.cj.jdbc.Driver] at URL [jdbc:mysql://localhost:3306/centerVoshod?useUnicode=true&characterEncoding=UTF8&serverTimezone=UTC]
2019-42-24 20:42:37.664 [JavaFX-Launcher] INFO  org.hibernate.orm.connections.pooling - HHH10001001: Connection properties: {user=root, password=Heroin160892}
2019-42-24 20:42:37.665 [JavaFX-Launcher] INFO  org.hibernate.orm.connections.pooling - HHH10001003: Autocommit mode: false
2019-42-24 20:42:37.667 [JavaFX-Launcher] INFO  org.hibernate.engine.jdbc.connections.internal.DriverManagerConnectionProviderImpl - HHH000115: Hibernate connection pool size: 20 (min=1)
2019-42-24 20:42:38.032 [JavaFX-Launcher] INFO  org.hibernate.dialect.Dialect - HHH000400: Using dialect: org.hibernate.dialect.MySQLDialect
2019-42-24 20:42:38.095 [JavaFX-Launcher] INFO  org.hibernate.envers.boot.internal.EnversServiceImpl - Envers integration enabled? : true
2019-42-24 20:42:38.932 [JavaFX-Launcher] INFO  org.hibernate.orm.connections.access - HHH10001501: Connection obtained from JdbcConnectionAccess [org.hibernate.engine.jdbc.env.internal.JdbcEnvironmentInitiator$ConnectionProviderJdbcConnectionAccess@5375d541] for (non-JTA) DDL execution was not in auto-commit mode; the Connection 'local transaction' will be committed and the Connection will be set into auto-commit mode.
2019-42-24 20:42:39.100 [JavaFX-Launcher] INFO  org.hibernate.hql.internal.QueryTranslatorFactoryInitiator - HHH000397: Using ASTQueryTranslatorFactory
2019-43-24 20:43:49.782 [JavaFX-Launcher] INFO  ru.zekoh.app.App - Запуск системы продаж.
2019-43-24 20:43:49.939 [JavaFX-Launcher] INFO  org.hibernate.Version - HHH000412: Hibernate Core {5.3.7.Final}
2019-43-24 20:43:49.941 [JavaFX-Launcher] INFO  org.hibernate.cfg.Environment - HHH000206: hibernate.properties not found
2019-43-24 20:43:50.446 [JavaFX-Launcher] INFO  org.hibernate.annotations.common.Version - HCANN000001: Hibernate Commons Annotations {5.0.4.Final}
2019-43-24 20:43:50.613 [JavaFX-Launcher] WARN  org.hibernate.orm.connections.pooling - HHH10001002: Using Hibernate built-in connection pool (not for production use!)
2019-43-24 20:43:50.618 [JavaFX-Launcher] INFO  org.hibernate.orm.connections.pooling - HHH10001005: using driver [com.mysql.cj.jdbc.Driver] at URL [jdbc:mysql://localhost:3306/centerVoshod?useUnicode=true&characterEncoding=UTF8&serverTimezone=UTC]
2019-43-24 20:43:50.618 [JavaFX-Launcher] INFO  org.hibernate.orm.connections.pooling - HHH10001001: Connection properties: {user=root, password=Heroin160892}
2019-43-24 20:43:50.618 [JavaFX-Launcher] INFO  org.hibernate.orm.connections.pooling - HHH10001003: Autocommit mode: false
2019-43-24 20:43:50.621 [JavaFX-Launcher] INFO  org.hibernate.engine.jdbc.connections.internal.DriverManagerConnectionProviderImpl - HHH000115: Hibernate connection pool size: 20 (min=1)
2019-43-24 20:43:51.098 [JavaFX-Launcher] INFO  org.hibernate.dialect.Dialect - HHH000400: Using dialect: org.hibernate.dialect.MySQLDialect
2019-43-24 20:43:51.214 [JavaFX-Launcher] INFO  org.hibernate.envers.boot.internal.EnversServiceImpl - Envers integration enabled? : true
2019-43-24 20:43:52.207 [JavaFX-Launcher] INFO  org.hibernate.orm.connections.access - HHH10001501: Connection obtained from JdbcConnectionAccess [org.hibernate.engine.jdbc.env.internal.JdbcEnvironmentInitiator$ConnectionProviderJdbcConnectionAccess@ccc06ea] for (non-JTA) DDL execution was not in auto-commit mode; the Connection 'local transaction' will be committed and the Connection will be set into auto-commit mode.
2019-43-24 20:43:52.410 [JavaFX-Launcher] INFO  org.hibernate.hql.internal.QueryTranslatorFactoryInitiator - HHH000397: Using ASTQueryTranslatorFactory
2019-02-24 21:02:49.817 [Thread-6] ERROR ru.zekoh.core.printing.KKMOFD - Драйвер принтера чека не инициализирован!
2019-03-24 21:03:01.489 [JavaFX-Launcher] INFO  ru.zekoh.app.App - Запуск системы продаж.
2019-03-24 21:03:01.629 [JavaFX-Launcher] INFO  org.hibernate.Version - HHH000412: Hibernate Core {5.3.7.Final}
2019-03-24 21:03:01.631 [JavaFX-Launcher] INFO  org.hibernate.cfg.Environment - HHH000206: hibernate.properties not found
2019-03-24 21:03:02.083 [JavaFX-Launcher] INFO  org.hibernate.annotations.common.Version - HCANN000001: Hibernate Commons Annotations {5.0.4.Final}
2019-03-24 21:03:02.226 [JavaFX-Launcher] WARN  org.hibernate.orm.connections.pooling - HHH10001002: Using Hibernate built-in connection pool (not for production use!)
2019-03-24 21:03:02.231 [JavaFX-Launcher] INFO  org.hibernate.orm.connections.pooling - HHH10001005: using driver [com.mysql.cj.jdbc.Driver] at URL [jdbc:mysql://localhost:3306/centerVoshod?useUnicode=true&characterEncoding=UTF8&serverTimezone=UTC]
2019-03-24 21:03:02.232 [JavaFX-Launcher] INFO  org.hibernate.orm.connections.pooling - HHH10001001: Connection properties: {user=root, password=Heroin160892}
2019-03-24 21:03:02.232 [JavaFX-Launcher] INFO  org.hibernate.orm.connections.pooling - HHH10001003: Autocommit mode: false
2019-03-24 21:03:02.235 [JavaFX-Launcher] INFO  org.hibernate.engine.jdbc.connections.internal.DriverManagerConnectionProviderImpl - HHH000115: Hibernate connection pool size: 20 (min=1)
2019-03-24 21:03:02.678 [JavaFX-Launcher] INFO  org.hibernate.dialect.Dialect - HHH000400: Using dialect: org.hibernate.dialect.MySQLDialect
2019-03-24 21:03:02.791 [JavaFX-Launcher] INFO  org.hibernate.envers.boot.internal.EnversServiceImpl - Envers integration enabled? : true
2019-03-24 21:03:03.810 [JavaFX-Launcher] INFO  org.hibernate.orm.connections.access - HHH10001501: Connection obtained from JdbcConnectionAccess [org.hibernate.engine.jdbc.env.internal.JdbcEnvironmentInitiator$ConnectionProviderJdbcConnectionAccess@20aa9942] for (non-JTA) DDL execution was not in auto-commit mode; the Connection 'local transaction' will be committed and the Connection will be set into auto-commit mode.
2019-03-24 21:03:04.036 [JavaFX-Launcher] INFO  org.hibernate.hql.internal.QueryTranslatorFactoryInitiator - HHH000397: Using ASTQueryTranslatorFactory
2019-05-24 21:05:02.848 [Thread-6] ERROR ru.zekoh.core.printing.KKMOFD - Драйвер принтера чека не инициализирован!
